Unable to capture context for thread 5472 in process 4904, can not generate back trace
Unable to capture context for thread 5612 in process 4904, can not generate back trace
Unable to capture context for thread 8256 in process 4904, can not generate back trace
Unable to capture context for thread 1368 in process 4904, can not generate back trace
Exception at PC 0x00007FFB31324008
Unable to capture context for thread 8256 in process 4904, can not generate back trace
Exception at PC 0x00007FFAB7C7BB93
Printing stacktrace...

Exception at PC 0x00007FFB31324008
Exception at PC 0x00007FFB31324008
Exception at PC 0x00007FFB31324008
Exception at PC 0x00007FFB31324008
Exception at PC 0x00007FFB31324008
Exception at PC 0x00007FFB31324008
Exception at PC 0x00007FFB31324008
Exception at PC 0x00007FFB31324008
Exception at PC 0x00007FFB31324008
Exception at PC 0x00007FFB31324008
Exception at PC 0x00007FFB31324008
Exception at PC 0x00007FFB31324008
Exception at PC 0x00007FFB31324008
Exception at PC 0x00007FFB31324008
Exception at PC 0x00007FFB31324008
Exception at PC 0x00007FFB31324008
Exception at PC 0x00007FFB31324008
[0]  [0x00007FFAB7C7BB93]
[1]  [0x00007FFAB7C7BB93]
[2]  [0x00007FFAB7C7B4A1]
[3]  [0x00007FFAB7C7B3EF]
[4]  [0x00007FFAB7C619FE]
[5]  [0x00007FFAB7C60ED1]
[6]  [0x00007FFAB7C60D76]
[7]  [0x00007FFAB7C079F6]
[8]  [0x00007FFAB7BF7AFB]
[9]  [0x00007FFAB7D1E90A]
[10]  [0x00007FFAB7D39F87]
[11]  [0x00007FFAB7D3A05F]
[12] (BaseThreadInitThunk+0x14) [0x00007FFB340D1FE4]
[13] (RtlUserThreadStart+0x21) [0x00007FFB34CDF061]
Done
