Unable to capture context for thread 12060 in process 8448, can not generate back trace
Exception at PC 0x00007FFB31324008
Unable to capture context for thread 9540 in process 8448, can not generate back trace
Exception at PC 0x00007FFAEA1ABB93
Printing stacktrace...

Unable to capture context for thread 9540 in process 8448, can not generate back trace
Exception at PC 0x00007FFB31324008
Exception at PC 0x00007FFB31324008
Exception at PC 0x00007FFB31324008
Exception at PC 0x00007FFB31324008
Exception at PC 0x00007FFB31324008
Exception at PC 0x00007FFB31324008
Exception at PC 0x00007FFB31324008
Exception at PC 0x00007FFB31324008
Exception at PC 0x00007FFB31324008
Exception at PC 0x00007FFB31324008
Exception at PC 0x00007FFB31324008
Exception at PC 0x00007FFB31324008
Exception at PC 0x00007FFB31324008
[0]  [0x00007FFAEA1ABB93]
[1]  [0x00007FFAEA1ABB93]
[2]  [0x00007FFAEA1AB4A1]
[3]  [0x00007FFAEA1AB3EF]
[4]  [0x00007FFAEA1919FE]
[5]  [0x00007FFAEA190ED1]
[6]  [0x00007FFAEA190D76]
[7]  [0x00007FFAEA1379F6]
[8]  [0x00007FFAEA127AFB]
[9]  [0x00007FFAEA24E90A]
[10]  [0x00007FFAEA269F87]
[11]  [0x00007FFAEA26A05F]
[12] (BaseThreadInitThunk+0x14) [0x00007FFB340D1FE4]
[13] (RtlUserThreadStart+0x21) [0x00007FFB34CDF061]
Done
Exception at PC 0x00007FFB31324008
Exception at PC 0x00007FFB31324008
Exception at PC 0x00007FFB31324008
Exception at PC 0x00007FFB31324008
