Vivado Simulator 2016.4
Copyright 1986-1999, 2001-2016 Xilinx, Inc. All Rights Reserved.
Running: D:/Xilinx/Vivado/2016.4/bin/unwrapped/win64.o/xelab.exe -wto ad4c36da3a1e4e238f0f2c481e251182 --debug typical --relax --mt 2 -L xil_defaultlib -L unisims_ver -L unimacro_ver -L secureip --snapshot cordic_pipe_rtl_TB_behav xil_defaultlib.cordic_pipe_rtl_TB xil_defaultlib.glbl -log elaborate.log 
Using 2 slave threads.
Starting static elaboration
Completed static elaboration
Starting simulation data flow analysis
WARNING: [XSIM 43-4100] "C:/Users/Fysek/Documents/projects/cordic_project_new/cordic_project_new.sim/sim_1/behav/glbl.v" Line 6. Module glbl has a timescale but at least one module in design doesn't have timescale.
WARNING: [XSIM 43-4100] "C:/Users/Fysek/Documents/projects/cordic_project_new/cordic_project_new.sim/sim_1/behav/glbl.v" Line 6. Module glbl has a timescale but at least one module in design doesn't have timescale.
Completed simulation data flow analysis
Time Resolution for simulation is 1ps
Compiling module xil_defaultlib.cordic_step
Compiling module xil_defaultlib.cordic_step(step=1)
Compiling module xil_defaultlib.cordic_step(step=2)
Compiling module xil_defaultlib.cordic_step(step=3)
Compiling module xil_defaultlib.cordic_step(step=4)
Compiling module xil_defaultlib.cordic_step(step=5)
Compiling module xil_defaultlib.cordic_step(step=6)
Compiling module xil_defaultlib.cordic_step(step=7)
Compiling module xil_defaultlib.cordic_step(step=8)
Compiling module xil_defaultlib.cordic_step(step=9)
Compiling module xil_defaultlib.cordic_step(step=10)
Compiling module xil_defaultlib.mul_Kn
Compiling module xil_defaultlib.cordic_pipe_rtl_default
Compiling module xil_defaultlib.cordic_pipe_rtl_TB
Compiling module xil_defaultlib.glbl
Built simulation snapshot cordic_pipe_rtl_TB_behav
