Unable to capture context for thread 10672 in process 5496, can not generate back trace
Exception at PC 0x00007FFE478C4008
Unable to capture context for thread 2260 in process 5496, can not generate back trace
Exception at PC 0x00007FFE478C4008
Unable to capture context for thread 12232 in process 5496, can not generate back trace
Unable to capture context for thread 3048 in process 5496, can not generate back trace
Exception at PC 0x00007FFDDBA6BB93
Printing stacktrace...

Unable to capture context for thread 12232 in process 5496, can not generate back trace
Unable to capture context for thread 3048 in process 5496, can not generate back trace
Exception at PC 0x00007FFE478C4008
Exception at PC 0x00007FFE478C4008
Exception at PC 0x00007FFE478C4008
Exception at PC 0x00007FFE478C4008
Exception at PC 0x00007FFE478C4008
Exception at PC 0x00007FFE478C4008
Exception at PC 0x00007FFE478C4008
Exception at PC 0x00007FFE478C4008
Exception at PC 0x00007FFE478C4008
Exception at PC 0x00007FFE478C4008
Exception at PC 0x00007FFE478C4008
Exception at PC 0x00007FFE478C4008
[0]  [0x00007FFDDBA6BB93]
[1]  [0x00007FFDDBA6BB93]
[2]  [0x00007FFDDBA6B4A1]
[3]  [0x00007FFDDBA6B3EF]
[4]  [0x00007FFDDBA519FE]
[5]  [0x00007FFDDBA50ED1]
[6]  [0x00007FFDDBA50D76]
[7]  [0x00007FFDDB9F79F6]
[8]  [0x00007FFDDB9E7AFB]
[9]  [0x00007FFDDBB0E90A]
[10]  [0x00007FFDDBB29F87]
[11]  [0x00007FFDDBB2A05F]
[12] (BaseThreadInitThunk+0x14) [0x00007FFE4AE91FE4]
[13] (RtlUserThreadStart+0x21) [0x00007FFE4B19F061]
Done
Exception at PC 0x00007FFE478C4008
Exception at PC 0x00007FFE478C4008
Exception at PC 0x00007FFE478C4008
Exception at PC 0x00007FFE478C4008
